<?xml version="1.0" encoding="UTF-8"?>
<testsuite name="com.syncplayer.api.controller.HelloControllerTest" tests="1" skipped="0" failures="0" errors="0" timestamp="2025-03-24T12:45:11" hostname="ivans-mac-mini.home" time="0.046">
  <properties/>
  <testcase name="testGetHello()" classname="com.syncplayer.api.controller.HelloControllerTest" time="0.046"/>
  <system-out><![CDATA[13:45:10.524 [Test worker] INFO org.springframework.test.context.support.AnnotationConfigContextLoaderUtils -- Could not detect default configuration classes for test class [com.syncplayer.api.controller.HelloControllerTest]: HelloControllerTest does not declare any static, non-private, non-final, nested classes annotated with @Configuration.
13:45:10.560 [Test worker] INFO org.springframework.boot.test.context.SpringBootTestContextBootstrapper -- Found @SpringBootConfiguration com.syncplayer.api.SyncPlayerApplication for test class com.syncplayer.api.controller.HelloControllerTest

  .   ____          _            __ _ _
 /\\ / ___'_ __ _ _(_)_ __  __ _ \ \ \ \
( ( )\___ | '_ | '_| | '_ \/ _` | \ \ \ \
 \\/  ___)| |_)| | | | | || (_| |  ) ) ) )
  '  |____| .__|_| |_|_| |_\__, | / / / /
 =========|_|==============|___/=/_/_/_/
 :: Spring Boot ::                (v3.2.1)

2025-03-24T13:45:10.654+01:00  INFO 17311 --- [    Test worker] c.s.api.controller.HelloControllerTest   : Starting HelloControllerTest using Java 17.0.14 with PID 17311 (started by ivan in /Users/ivan/projects/syncplayer2/backend)
2025-03-24T13:45:10.655+01:00  INFO 17311 --- [    Test worker] c.s.api.controller.HelloControllerTest   : No active profile set, falling back to 1 default profile: "default"
2025-03-24T13:45:11.311+01:00  INFO 17311 --- [    Test worker] o.s.b.t.m.w.SpringBootMockServletContext : Initializing Spring TestDispatcherServlet ''
2025-03-24T13:45:11.312+01:00  INFO 17311 --- [    Test worker] o.s.t.web.servlet.TestDispatcherServlet  : Initializing Servlet ''
2025-03-24T13:45:11.313+01:00  INFO 17311 --- [    Test worker] o.s.t.web.servlet.TestDispatcherServlet  : Completed initialization in 0 ms
2025-03-24T13:45:11.325+01:00  INFO 17311 --- [    Test worker] c.s.api.controller.HelloControllerTest   : Started HelloControllerTest in 0.745 seconds (process running for 1.046)
]]></system-out>
  <system-err><![CDATA[]]></system-err>
</testsuite>
